{"C:\\Users\\cerim\\OneDrive\\Desktop\\elite-track-qa\\elite-track-qa\\backend\\middleware\\auth.js": {"path":"C:\\Users\\cerim\\OneDrive\\Desktop\\elite-track-qa\\elite-track-qa\\backend\\middleware\\auth.js","statementMap":{"0":{"start":{"line":1,"column":12},"end":{"line":1,"column":35}},"1":{"start":{"line":3,"column":19},"end":{"line":3,"column":43}},"2":{"start":{"line":6,"column":21},"end":{"line":6,"column":49}},"3":{"start":{"line":7,"column":2},"end":{"line":7,"column":79}},"4":{"start":{"line":7,"column":19},"end":{"line":7,"column":79}},"5":{"start":{"line":9,"column":16},"end":{"line":9,"column":40}},"6":{"start":{"line":10,"column":2},"end":{"line":10,"column":73}},"7":{"start":{"line":10,"column":14},"end":{"line":10,"column":73}},"8":{"start":{"line":12,"column":2},"end":{"line":18,"column":3}},"9":{"start":{"line":13,"column":20},"end":{"line":13,"column":49}},"10":{"start":{"line":14,"column":4},"end":{"line":14,"column":23}},"11":{"start":{"line":15,"column":4},"end":{"line":15,"column":11}},"12":{"start":{"line":17,"column":4},"end":{"line":17,"column":74}},"13":{"start":{"line":22,"column":2},"end":{"line":27,"column":4}},"14":{"start":{"line":23,"column":4},"end":{"line":25,"column":5}},"15":{"start":{"line":24,"column":6},"end":{"line":24,"column":66}},"16":{"start":{"line":26,"column":4},"end":{"line":26,"column":11}},"17":{"start":{"line":30,"column":0},"end":{"line":30,"column":57}}},"fnMap":{"0":{"name":"verificarToken","decl":{"start":{"line":5,"column":9},"end":{"line":5,"column":23}},"loc":{"start":{"line":5,"column":40},"end":{"line":19,"column":1}},"line":5},"1":{"name":"soloRol","decl":{"start":{"line":21,"column":9},"end":{"line":21,"column":16}},"loc":{"start":{"line":21,"column":27},"end":{"line":28,"column":1}},"line":21},"2":{"name":"(anonymous_2)","decl":{"start":{"line":22,"column":9},"end":{"line":22,"column":10}},"loc":{"start":{"line":22,"column":29},"end":{"line":27,"column":3}},"line":22}},"branchMap":{"0":{"loc":{"start":{"line":7,"column":2},"end":{"line":7,"column":79}},"type":"if","locations":[{"start":{"line":7,"column":2},"end":{"line":7,"column":79}},{"start":{},"end":{}}],"line":7},"1":{"loc":{"start":{"line":10,"column":2},"end":{"line":10,"column":73}},"type":"if","locations":[{"start":{"line":10,"column":2},"end":{"line":10,"column":73}},{"start":{},"end":{}}],"line":10},"2":{"loc":{"start":{"line":23,"column":4},"end":{"line":25,"column":5}},"type":"if","locations":[{"start":{"line":23,"column":4},"end":{"line":25,"column":5}},{"start":{},"end":{}}],"line":23}},"s":{"0":4,"1":4,"2":31,"3":31,"4":5,"5":26,"6":26,"7":0,"8":26,"9":26,"10":25,"11":25,"12":1,"13":12,"14":18,"15":5,"16":13,"17":4},"f":{"0":31,"1":12,"2":18},"b":{"0":[5,26],"1":[0,26],"2":[5,13]},"_coverageSchema":"1a1c01bbd47fc00a2c39e90264f33305004495a9","hash":"516afe31ccf8205addd6c79d263e0f942d9a0d2a"}
,"C:\\Users\\cerim\\OneDrive\\Desktop\\elite-track-qa\\elite-track-qa\\backend\\routes\\auditoria.js": {"path":"C:\\Users\\cerim\\OneDrive\\Desktop\\elite-track-qa\\elite-track-qa\\backend\\routes\\auditoria.js","statementMap":{"0":{"start":{"line":1,"column":16},"end":{"line":1,"column":34}},"1":{"start":{"line":2,"column":15},"end":{"line":2,"column":31}},"2":{"start":{"line":3,"column":13},"end":{"line":3,"column":29}},"3":{"start":{"line":4,"column":36},"end":{"line":4,"column":65}},"4":{"start":{"line":7,"column":0},"end":{"line":16,"column":3}},"5":{"start":{"line":8,"column":2},"end":{"line":15,"column":3}},"6":{"start":{"line":9,"column":19},"end":{"line":11,"column":5}},"7":{"start":{"line":12,"column":4},"end":{"line":12,"column":19}},"8":{"start":{"line":14,"column":4},"end":{"line":14,"column":68}},"9":{"start":{"line":18,"column":0},"end":{"line":18,"column":24}}},"fnMap":{"0":{"name":"(anonymous_0)","decl":{"start":{"line":7,"column":60},"end":{"line":7,"column":61}},"loc":{"start":{"line":7,"column":80},"end":{"line":16,"column":1}},"line":7}},"branchMap":{},"s":{"0":4,"1":4,"2":4,"3":4,"4":4,"5":5,"6":5,"7":5,"8":0,"9":4},"f":{"0":5},"b":{},"_coverageSchema":"1a1c01bbd47fc00a2c39e90264f33305004495a9","hash":"47614eaa62d592cc0e7c4ca59d77748814dc94b9"}
,"C:\\Users\\cerim\\OneDrive\\Desktop\\elite-track-qa\\elite-track-qa\\backend\\routes\\auth.js": {"path":"C:\\Users\\cerim\\OneDrive\\Desktop\\elite-track-qa\\elite-track-qa\\backend\\routes\\auth.js","statementMap":{"0":{"start":{"line":1,"column":16},"end":{"line":1,"column":34}},"1":{"start":{"line":2,"column":15},"end":{"line":2,"column":31}},"2":{"start":{"line":3,"column":15},"end":{"line":3,"column":34}},"3":{"start":{"line":4,"column":12},"end":{"line":4,"column":35}},"4":{"start":{"line":5,"column":13},"end":{"line":5,"column":29}},"5":{"start":{"line":6,"column":23},"end":{"line":6,"column":52}},"6":{"start":{"line":9,"column":0},"end":{"line":54,"column":3}},"7":{"start":{"line":10,"column":33},"end":{"line":10,"column":41}},"8":{"start":{"line":12,"column":2},"end":{"line":14,"column":3}},"9":{"start":{"line":13,"column":4},"end":{"line":13,"column":80}},"10":{"start":{"line":16,"column":2},"end":{"line":53,"column":3}},"11":{"start":{"line":17,"column":19},"end":{"line":17,"column":89}},"12":{"start":{"line":19,"column":4},"end":{"line":21,"column":5}},"13":{"start":{"line":20,"column":6},"end":{"line":20,"column":72}},"14":{"start":{"line":23,"column":17},"end":{"line":23,"column":24}},"15":{"start":{"line":26,"column":25},"end":{"line":26,"column":30}},"16":{"start":{"line":27,"column":4},"end":{"line":31,"column":5}},"17":{"start":{"line":28,"column":6},"end":{"line":28,"column":69}},"18":{"start":{"line":30,"column":6},"end":{"line":30,"column":50}},"19":{"start":{"line":33,"column":4},"end":{"line":35,"column":5}},"20":{"start":{"line":34,"column":6},"end":{"line":34,"column":72}},"21":{"start":{"line":37,"column":18},"end":{"line":41,"column":5}},"22":{"start":{"line":44,"column":4},"end":{"line":47,"column":6}},"23":{"start":{"line":49,"column":4},"end":{"line":49,"column":41}},"24":{"start":{"line":51,"column":4},"end":{"line":51,"column":23}},"25":{"start":{"line":52,"column":4},"end":{"line":52,"column":62}},"26":{"start":{"line":56,"column":0},"end":{"line":56,"column":24}}},"fnMap":{"0":{"name":"(anonymous_0)","decl":{"start":{"line":9,"column":22},"end":{"line":9,"column":23}},"loc":{"start":{"line":9,"column":42},"end":{"line":54,"column":1}},"line":9}},"branchMap":{"0":{"loc":{"start":{"line":12,"column":2},"end":{"line":14,"column":3}},"type":"if","locations":[{"start":{"line":12,"column":2},"end":{"line":14,"column":3}},{"start":{},"end":{}}],"line":12},"1":{"loc":{"start":{"line":12,"column":6},"end":{"line":12,"column":28}},"type":"binary-expr","locations":[{"start":{"line":12,"column":6},"end":{"line":12,"column":15}},{"start":{"line":12,"column":19},"end":{"line":12,"column":28}}],"line":12},"2":{"loc":{"start":{"line":19,"column":4},"end":{"line":21,"column":5}},"type":"if","locations":[{"start":{"line":19,"column":4},"end":{"line":21,"column":5}},{"start":{},"end":{}}],"line":19},"3":{"loc":{"start":{"line":27,"column":4},"end":{"line":31,"column":5}},"type":"if","locations":[{"start":{"line":27,"column":4},"end":{"line":31,"column":5}},{"start":{"line":29,"column":11},"end":{"line":31,"column":5}}],"line":27},"4":{"loc":{"start":{"line":33,"column":4},"end":{"line":35,"column":5}},"type":"if","locations":[{"start":{"line":33,"column":4},"end":{"line":35,"column":5}},{"start":{},"end":{}}],"line":33}},"s":{"0":4,"1":4,"2":4,"3":4,"4":4,"5":4,"6":4,"7":17,"8":17,"9":1,"10":16,"11":16,"12":16,"13":1,"14":15,"15":15,"16":15,"17":15,"18":0,"19":15,"20":1,"21":14,"22":14,"23":14,"24":0,"25":0,"26":4},"f":{"0":17},"b":{"0":[1,16],"1":[17,16],"2":[1,15],"3":[15,0],"4":[1,14]},"_coverageSchema":"1a1c01bbd47fc00a2c39e90264f33305004495a9","hash":"d8848869b2d0cd61b07c1b93498bb282d45a5d32"}
,"C:\\Users\\cerim\\OneDrive\\Desktop\\elite-track-qa\\elite-track-qa\\backend\\routes\\evidencias.js": {"path":"C:\\Users\\cerim\\OneDrive\\Desktop\\elite-track-qa\\elite-track-qa\\backend\\routes\\evidencias.js","statementMap":{"0":{"start":{"line":1,"column":16},"end":{"line":1,"column":34}},"1":{"start":{"line":2,"column":15},"end":{"line":2,"column":31}},"2":{"start":{"line":3,"column":13},"end":{"line":3,"column":29}},"3":{"start":{"line":4,"column":36},"end":{"line":4,"column":65}},"4":{"start":{"line":7,"column":0},"end":{"line":14,"column":3}},"5":{"start":{"line":8,"column":2},"end":{"line":13,"column":3}},"6":{"start":{"line":9,"column":19},"end":{"line":9,"column":83}},"7":{"start":{"line":10,"column":4},"end":{"line":10,"column":19}},"8":{"start":{"line":12,"column":4},"end":{"line":12,"column":69}},"9":{"start":{"line":17,"column":0},"end":{"line":44,"column":3}},"10":{"start":{"line":18,"column":43},"end":{"line":18,"column":51}},"11":{"start":{"line":20,"column":2},"end":{"line":22,"column":3}},"12":{"start":{"line":21,"column":4},"end":{"line":21,"column":80}},"13":{"start":{"line":25,"column":2},"end":{"line":27,"column":3}},"14":{"start":{"line":26,"column":4},"end":{"line":26,"column":81}},"15":{"start":{"line":29,"column":2},"end":{"line":43,"column":3}},"16":{"start":{"line":30,"column":21},"end":{"line":33,"column":5}},"17":{"start":{"line":35,"column":4},"end":{"line":38,"column":6}},"18":{"start":{"line":40,"column":4},"end":{"line":40,"column":79}},"19":{"start":{"line":42,"column":4},"end":{"line":42,"column":66}},"20":{"start":{"line":47,"column":0},"end":{"line":73,"column":3}},"21":{"start":{"line":48,"column":21},"end":{"line":48,"column":29}},"22":{"start":{"line":50,"column":2},"end":{"line":52,"column":3}},"23":{"start":{"line":51,"column":4},"end":{"line":51,"column":85}},"24":{"start":{"line":54,"column":2},"end":{"line":72,"column":3}},"25":{"start":{"line":55,"column":21},"end":{"line":58,"column":5}},"26":{"start":{"line":60,"column":4},"end":{"line":62,"column":5}},"27":{"start":{"line":61,"column":6},"end":{"line":61,"column":74}},"28":{"start":{"line":64,"column":4},"end":{"line":67,"column":6}},"29":{"start":{"line":69,"column":4},"end":{"line":69,"column":49}},"30":{"start":{"line":71,"column":4},"end":{"line":71,"column":68}},"31":{"start":{"line":75,"column":0},"end":{"line":75,"column":24}}},"fnMap":{"0":{"name":"(anonymous_0)","decl":{"start":{"line":7,"column":32},"end":{"line":7,"column":33}},"loc":{"start":{"line":7,"column":52},"end":{"line":14,"column":1}},"line":7},"1":{"name":"(anonymous_1)","decl":{"start":{"line":17,"column":61},"end":{"line":17,"column":62}},"loc":{"start":{"line":17,"column":81},"end":{"line":44,"column":1}},"line":17},"2":{"name":"(anonymous_2)","decl":{"start":{"line":47,"column":60},"end":{"line":47,"column":61}},"loc":{"start":{"line":47,"column":80},"end":{"line":73,"column":1}},"line":47}},"branchMap":{"0":{"loc":{"start":{"line":20,"column":2},"end":{"line":22,"column":3}},"type":"if","locations":[{"start":{"line":20,"column":2},"end":{"line":22,"column":3}},{"start":{},"end":{}}],"line":20},"1":{"loc":{"start":{"line":20,"column":6},"end":{"line":20,"column":29}},"type":"binary-expr","locations":[{"start":{"line":20,"column":6},"end":{"line":20,"column":13}},{"start":{"line":20,"column":17},"end":{"line":20,"column":29}}],"line":20},"2":{"loc":{"start":{"line":25,"column":2},"end":{"line":27,"column":3}},"type":"if","locations":[{"start":{"line":25,"column":2},"end":{"line":27,"column":3}},{"start":{},"end":{}}],"line":25},"3":{"loc":{"start":{"line":25,"column":6},"end":{"line":25,"column":50}},"type":"binary-expr","locations":[{"start":{"line":25,"column":6},"end":{"line":25,"column":13}},{"start":{"line":25,"column":17},"end":{"line":25,"column":50}}],"line":25},"4":{"loc":{"start":{"line":32,"column":28},"end":{"line":32,"column":43}},"type":"binary-expr","locations":[{"start":{"line":32,"column":28},"end":{"line":32,"column":35}},{"start":{"line":32,"column":39},"end":{"line":32,"column":43}}],"line":32},"5":{"loc":{"start":{"line":50,"column":2},"end":{"line":52,"column":3}},"type":"if","locations":[{"start":{"line":50,"column":2},"end":{"line":52,"column":3}},{"start":{},"end":{}}],"line":50},"6":{"loc":{"start":{"line":60,"column":4},"end":{"line":62,"column":5}},"type":"if","locations":[{"start":{"line":60,"column":4},"end":{"line":62,"column":5}},{"start":{},"end":{}}],"line":60}},"s":{"0":4,"1":4,"2":4,"3":4,"4":4,"5":1,"6":1,"7":1,"8":0,"9":4,"10":4,"11":4,"12":1,"13":3,"14":0,"15":3,"16":3,"17":3,"18":3,"19":0,"20":4,"21":4,"22":4,"23":1,"24":3,"25":3,"26":3,"27":1,"28":2,"29":2,"30":0,"31":4},"f":{"0":1,"1":4,"2":4},"b":{"0":[1,3],"1":[4,3],"2":[0,3],"3":[3,1],"4":[3,2],"5":[1,3],"6":[1,2]},"_coverageSchema":"1a1c01bbd47fc00a2c39e90264f33305004495a9","hash":"48e33a99f8ab63e349b40a93de164c22e48b0ca0"}
,"C:\\Users\\cerim\\OneDrive\\Desktop\\elite-track-qa\\elite-track-qa\\backend\\routes\\notificaciones.js": {"path":"C:\\Users\\cerim\\OneDrive\\Desktop\\elite-track-qa\\elite-track-qa\\backend\\routes\\notificaciones.js","statementMap":{"0":{"start":{"line":1,"column":16},"end":{"line":1,"column":34}},"1":{"start":{"line":2,"column":15},"end":{"line":2,"column":31}},"2":{"start":{"line":3,"column":13},"end":{"line":3,"column":29}},"3":{"start":{"line":4,"column":27},"end":{"line":4,"column":56}},"4":{"start":{"line":7,"column":0},"end":{"line":18,"column":3}},"5":{"start":{"line":8,"column":2},"end":{"line":17,"column":3}},"6":{"start":{"line":9,"column":19},"end":{"line":13,"column":6}},"7":{"start":{"line":14,"column":4},"end":{"line":14,"column":19}},"8":{"start":{"line":16,"column":4},"end":{"line":16,"column":73}},"9":{"start":{"line":21,"column":0},"end":{"line":32,"column":3}},"10":{"start":{"line":22,"column":2},"end":{"line":31,"column":3}},"11":{"start":{"line":23,"column":19},"end":{"line":27,"column":27}},"12":{"start":{"line":28,"column":4},"end":{"line":28,"column":19}},"13":{"start":{"line":30,"column":4},"end":{"line":30,"column":73}},"14":{"start":{"line":35,"column":0},"end":{"line":57,"column":3}},"15":{"start":{"line":36,"column":39},"end":{"line":36,"column":47}},"16":{"start":{"line":38,"column":2},"end":{"line":40,"column":3}},"17":{"start":{"line":39,"column":4},"end":{"line":39,"column":66}},"18":{"start":{"line":42,"column":2},"end":{"line":56,"column":3}},"19":{"start":{"line":43,"column":21},"end":{"line":46,"column":5}},"20":{"start":{"line":48,"column":4},"end":{"line":51,"column":6}},"21":{"start":{"line":53,"column":4},"end":{"line":53,"column":83}},"22":{"start":{"line":55,"column":4},"end":{"line":55,"column":70}},"23":{"start":{"line":59,"column":0},"end":{"line":59,"column":24}}},"fnMap":{"0":{"name":"(anonymous_0)","decl":{"start":{"line":7,"column":46},"end":{"line":7,"column":47}},"loc":{"start":{"line":7,"column":66},"end":{"line":18,"column":1}},"line":7},"1":{"name":"(anonymous_1)","decl":{"start":{"line":21,"column":32},"end":{"line":21,"column":33}},"loc":{"start":{"line":21,"column":52},"end":{"line":32,"column":1}},"line":21},"2":{"name":"(anonymous_2)","decl":{"start":{"line":35,"column":33},"end":{"line":35,"column":34}},"loc":{"start":{"line":35,"column":53},"end":{"line":57,"column":1}},"line":35}},"branchMap":{"0":{"loc":{"start":{"line":38,"column":2},"end":{"line":40,"column":3}},"type":"if","locations":[{"start":{"line":38,"column":2},"end":{"line":40,"column":3}},{"start":{},"end":{}}],"line":38},"1":{"loc":{"start":{"line":45,"column":16},"end":{"line":45,"column":42}},"type":"binary-expr","locations":[{"start":{"line":45,"column":16},"end":{"line":45,"column":31}},{"start":{"line":45,"column":35},"end":{"line":45,"column":42}}],"line":45}},"s":{"0":4,"1":4,"2":4,"3":4,"4":4,"5":1,"6":1,"7":1,"8":0,"9":4,"10":2,"11":2,"12":2,"13":0,"14":4,"15":3,"16":3,"17":1,"18":2,"19":2,"20":2,"21":2,"22":0,"23":4},"f":{"0":1,"1":2,"2":3},"b":{"0":[1,2],"1":[2,0]},"_coverageSchema":"1a1c01bbd47fc00a2c39e90264f33305004495a9","hash":"0ecf453e0303f6d8269cfddd60b1b6295589041b"}
}
