{"C:\\Users\\cerim\\OneDrive\\Desktop\\elite-track-qa\\elite-track-qa\\backend\\middleware\\auth.js": {"path":"C:\\Users\\cerim\\OneDrive\\Desktop\\elite-track-qa\\elite-track-qa\\backend\\middleware\\auth.js","statementMap":{"0":{"start":{"line":1,"column":0},"end":{"line":1,"column":27}},"1":{"start":{"line":2,"column":12},"end":{"line":2,"column":35}},"2":{"start":{"line":4,"column":19},"end":{"line":4,"column":84}},"3":{"start":{"line":6,"column":0},"end":{"line":8,"column":1}},"4":{"start":{"line":7,"column":2},"end":{"line":7,"column":80}},"5":{"start":{"line":11,"column":21},"end":{"line":11,"column":49}},"6":{"start":{"line":12,"column":2},"end":{"line":12,"column":79}},"7":{"start":{"line":12,"column":19},"end":{"line":12,"column":79}},"8":{"start":{"line":14,"column":16},"end":{"line":14,"column":40}},"9":{"start":{"line":15,"column":2},"end":{"line":15,"column":73}},"10":{"start":{"line":15,"column":14},"end":{"line":15,"column":73}},"11":{"start":{"line":17,"column":2},"end":{"line":23,"column":3}},"12":{"start":{"line":18,"column":20},"end":{"line":18,"column":49}},"13":{"start":{"line":19,"column":4},"end":{"line":19,"column":23}},"14":{"start":{"line":20,"column":4},"end":{"line":20,"column":11}},"15":{"start":{"line":22,"column":4},"end":{"line":22,"column":74}},"16":{"start":{"line":27,"column":2},"end":{"line":32,"column":4}},"17":{"start":{"line":28,"column":4},"end":{"line":30,"column":5}},"18":{"start":{"line":29,"column":6},"end":{"line":29,"column":66}},"19":{"start":{"line":31,"column":4},"end":{"line":31,"column":11}},"20":{"start":{"line":35,"column":0},"end":{"line":35,"column":57}}},"fnMap":{"0":{"name":"verificarToken","decl":{"start":{"line":10,"column":9},"end":{"line":10,"column":23}},"loc":{"start":{"line":10,"column":40},"end":{"line":24,"column":1}},"line":10},"1":{"name":"soloRol","decl":{"start":{"line":26,"column":9},"end":{"line":26,"column":16}},"loc":{"start":{"line":26,"column":27},"end":{"line":33,"column":1}},"line":26},"2":{"name":"(anonymous_2)","decl":{"start":{"line":27,"column":9},"end":{"line":27,"column":10}},"loc":{"start":{"line":27,"column":29},"end":{"line":32,"column":3}},"line":27}},"branchMap":{"0":{"loc":{"start":{"line":4,"column":19},"end":{"line":4,"column":84}},"type":"binary-expr","locations":[{"start":{"line":4,"column":19},"end":{"line":4,"column":41}},{"start":{"line":4,"column":45},"end":{"line":4,"column":84}}],"line":4},"1":{"loc":{"start":{"line":6,"column":0},"end":{"line":8,"column":1}},"type":"if","locations":[{"start":{"line":6,"column":0},"end":{"line":8,"column":1}},{"start":{},"end":{}}],"line":6},"2":{"loc":{"start":{"line":6,"column":4},"end":{"line":6,"column":81}},"type":"binary-expr","locations":[{"start":{"line":6,"column":4},"end":{"line":6,"column":41}},{"start":{"line":6,"column":45},"end":{"line":6,"column":81}}],"line":6},"3":{"loc":{"start":{"line":12,"column":2},"end":{"line":12,"column":79}},"type":"if","locations":[{"start":{"line":12,"column":2},"end":{"line":12,"column":79}},{"start":{},"end":{}}],"line":12},"4":{"loc":{"start":{"line":15,"column":2},"end":{"line":15,"column":73}},"type":"if","locations":[{"start":{"line":15,"column":2},"end":{"line":15,"column":73}},{"start":{},"end":{}}],"line":15},"5":{"loc":{"start":{"line":28,"column":4},"end":{"line":30,"column":5}},"type":"if","locations":[{"start":{"line":28,"column":4},"end":{"line":30,"column":5}},{"start":{},"end":{}}],"line":28}},"s":{"0":4,"1":4,"2":4,"3":4,"4":0,"5":49,"6":49,"7":8,"8":41,"9":41,"10":1,"11":40,"12":40,"13":39,"14":39,"15":1,"16":12,"17":27,"18":6,"19":21,"20":4},"f":{"0":49,"1":12,"2":27},"b":{"0":[4,4],"1":[0,4],"2":[4,0],"3":[8,41],"4":[1,40],"5":[6,21]},"_coverageSchema":"1a1c01bbd47fc00a2c39e90264f33305004495a9","hash":"b99ee5afe676ccb7ee29472d2e95a08c1c0aff87"}
,"C:\\Users\\cerim\\OneDrive\\Desktop\\elite-track-qa\\elite-track-qa\\backend\\routes\\auditoria.js": {"path":"C:\\Users\\cerim\\OneDrive\\Desktop\\elite-track-qa\\elite-track-qa\\backend\\routes\\auditoria.js","statementMap":{"0":{"start":{"line":1,"column":16},"end":{"line":1,"column":34}},"1":{"start":{"line":2,"column":15},"end":{"line":2,"column":31}},"2":{"start":{"line":3,"column":13},"end":{"line":3,"column":29}},"3":{"start":{"line":4,"column":36},"end":{"line":4,"column":65}},"4":{"start":{"line":7,"column":0},"end":{"line":16,"column":3}},"5":{"start":{"line":8,"column":2},"end":{"line":15,"column":3}},"6":{"start":{"line":9,"column":19},"end":{"line":11,"column":5}},"7":{"start":{"line":12,"column":4},"end":{"line":12,"column":19}},"8":{"start":{"line":14,"column":4},"end":{"line":14,"column":68}},"9":{"start":{"line":18,"column":0},"end":{"line":18,"column":24}}},"fnMap":{"0":{"name":"(anonymous_0)","decl":{"start":{"line":7,"column":60},"end":{"line":7,"column":61}},"loc":{"start":{"line":7,"column":80},"end":{"line":16,"column":1}},"line":7}},"branchMap":{},"s":{"0":4,"1":4,"2":4,"3":4,"4":4,"5":7,"6":7,"7":7,"8":0,"9":4},"f":{"0":7},"b":{},"_coverageSchema":"1a1c01bbd47fc00a2c39e90264f33305004495a9","hash":"47614eaa62d592cc0e7c4ca59d77748814dc94b9"}
,"C:\\Users\\cerim\\OneDrive\\Desktop\\elite-track-qa\\elite-track-qa\\backend\\routes\\auth.js": {"path":"C:\\Users\\cerim\\OneDrive\\Desktop\\elite-track-qa\\elite-track-qa\\backend\\routes\\auth.js","statementMap":{"0":{"start":{"line":1,"column":16},"end":{"line":1,"column":34}},"1":{"start":{"line":2,"column":15},"end":{"line":2,"column":31}},"2":{"start":{"line":3,"column":15},"end":{"line":3,"column":34}},"3":{"start":{"line":4,"column":12},"end":{"line":4,"column":35}},"4":{"start":{"line":5,"column":13},"end":{"line":5,"column":29}},"5":{"start":{"line":6,"column":23},"end":{"line":6,"column":52}},"6":{"start":{"line":8,"column":21},"end":{"line":8,"column":22}},"7":{"start":{"line":9,"column":24},"end":{"line":9,"column":26}},"8":{"start":{"line":12,"column":0},"end":{"line":83,"column":3}},"9":{"start":{"line":13,"column":33},"end":{"line":13,"column":41}},"10":{"start":{"line":15,"column":2},"end":{"line":17,"column":3}},"11":{"start":{"line":16,"column":4},"end":{"line":16,"column":80}},"12":{"start":{"line":19,"column":2},"end":{"line":82,"column":3}},"13":{"start":{"line":20,"column":19},"end":{"line":20,"column":89}},"14":{"start":{"line":22,"column":4},"end":{"line":24,"column":5}},"15":{"start":{"line":23,"column":6},"end":{"line":23,"column":72}},"16":{"start":{"line":26,"column":17},"end":{"line":26,"column":24}},"17":{"start":{"line":29,"column":4},"end":{"line":31,"column":5}},"18":{"start":{"line":30,"column":6},"end":{"line":30,"column":91}},"19":{"start":{"line":34,"column":25},"end":{"line":34,"column":30}},"20":{"start":{"line":35,"column":4},"end":{"line":39,"column":5}},"21":{"start":{"line":36,"column":6},"end":{"line":36,"column":69}},"22":{"start":{"line":38,"column":6},"end":{"line":38,"column":50}},"23":{"start":{"line":41,"column":4},"end":{"line":59,"column":5}},"24":{"start":{"line":42,"column":29},"end":{"line":42,"column":62}},"25":{"start":{"line":44,"column":6},"end":{"line":52,"column":7}},"26":{"start":{"line":46,"column":31},"end":{"line":46,"column":81}},"27":{"start":{"line":47,"column":8},"end":{"line":50,"column":10}},"28":{"start":{"line":51,"column":8},"end":{"line":51,"column":95}},"29":{"start":{"line":54,"column":6},"end":{"line":57,"column":8}},"30":{"start":{"line":58,"column":6},"end":{"line":58,"column":72}},"31":{"start":{"line":62,"column":4},"end":{"line":65,"column":6}},"32":{"start":{"line":67,"column":18},"end":{"line":71,"column":5}},"33":{"start":{"line":73,"column":4},"end":{"line":76,"column":6}},"34":{"start":{"line":78,"column":4},"end":{"line":78,"column":41}},"35":{"start":{"line":80,"column":4},"end":{"line":80,"column":23}},"36":{"start":{"line":81,"column":4},"end":{"line":81,"column":62}},"37":{"start":{"line":85,"column":0},"end":{"line":85,"column":24}}},"fnMap":{"0":{"name":"(anonymous_0)","decl":{"start":{"line":12,"column":22},"end":{"line":12,"column":23}},"loc":{"start":{"line":12,"column":42},"end":{"line":83,"column":1}},"line":12}},"branchMap":{"0":{"loc":{"start":{"line":15,"column":2},"end":{"line":17,"column":3}},"type":"if","locations":[{"start":{"line":15,"column":2},"end":{"line":17,"column":3}},{"start":{},"end":{}}],"line":15},"1":{"loc":{"start":{"line":15,"column":6},"end":{"line":15,"column":28}},"type":"binary-expr","locations":[{"start":{"line":15,"column":6},"end":{"line":15,"column":15}},{"start":{"line":15,"column":19},"end":{"line":15,"column":28}}],"line":15},"2":{"loc":{"start":{"line":22,"column":4},"end":{"line":24,"column":5}},"type":"if","locations":[{"start":{"line":22,"column":4},"end":{"line":24,"column":5}},{"start":{},"end":{}}],"line":22},"3":{"loc":{"start":{"line":29,"column":4},"end":{"line":31,"column":5}},"type":"if","locations":[{"start":{"line":29,"column":4},"end":{"line":31,"column":5}},{"start":{},"end":{}}],"line":29},"4":{"loc":{"start":{"line":29,"column":8},"end":{"line":29,"column":75}},"type":"binary-expr","locations":[{"start":{"line":29,"column":8},"end":{"line":29,"column":28}},{"start":{"line":29,"column":32},"end":{"line":29,"column":75}}],"line":29},"5":{"loc":{"start":{"line":35,"column":4},"end":{"line":39,"column":5}},"type":"if","locations":[{"start":{"line":35,"column":4},"end":{"line":39,"column":5}},{"start":{"line":37,"column":11},"end":{"line":39,"column":5}}],"line":35},"6":{"loc":{"start":{"line":41,"column":4},"end":{"line":59,"column":5}},"type":"if","locations":[{"start":{"line":41,"column":4},"end":{"line":59,"column":5}},{"start":{},"end":{}}],"line":41},"7":{"loc":{"start":{"line":42,"column":30},"end":{"line":42,"column":57}},"type":"binary-expr","locations":[{"start":{"line":42,"column":30},"end":{"line":42,"column":52}},{"start":{"line":42,"column":56},"end":{"line":42,"column":57}}],"line":42},"8":{"loc":{"start":{"line":44,"column":6},"end":{"line":52,"column":7}},"type":"if","locations":[{"start":{"line":44,"column":6},"end":{"line":52,"column":7}},{"start":{},"end":{}}],"line":44}},"s":{"0":4,"1":4,"2":4,"3":4,"4":4,"5":4,"6":4,"7":4,"8":4,"9":26,"10":26,"11":1,"12":25,"13":25,"14":25,"15":1,"16":24,"17":24,"18":1,"19":23,"20":23,"21":23,"22":0,"23":23,"24":6,"25":6,"26":1,"27":1,"28":1,"29":5,"30":5,"31":17,"32":17,"33":17,"34":17,"35":0,"36":0,"37":4},"f":{"0":26},"b":{"0":[1,25],"1":[26,25],"2":[1,24],"3":[1,23],"4":[24,1],"5":[23,0],"6":[6,17],"7":[6,2],"8":[1,5]},"_coverageSchema":"1a1c01bbd47fc00a2c39e90264f33305004495a9","hash":"085127cba564bfa5bf8f7947c4f1d543a2caf776"}
,"C:\\Users\\cerim\\OneDrive\\Desktop\\elite-track-qa\\elite-track-qa\\backend\\routes\\evidencias.js": {"path":"C:\\Users\\cerim\\OneDrive\\Desktop\\elite-track-qa\\elite-track-qa\\backend\\routes\\evidencias.js","statementMap":{"0":{"start":{"line":1,"column":16},"end":{"line":1,"column":34}},"1":{"start":{"line":2,"column":15},"end":{"line":2,"column":31}},"2":{"start":{"line":3,"column":13},"end":{"line":3,"column":29}},"3":{"start":{"line":4,"column":36},"end":{"line":4,"column":65}},"4":{"start":{"line":7,"column":0},"end":{"line":22,"column":3}},"5":{"start":{"line":8,"column":2},"end":{"line":21,"column":3}},"6":{"start":{"line":10,"column":4},"end":{"line":17,"column":5}},"7":{"start":{"line":11,"column":6},"end":{"line":14,"column":8}},"8":{"start":{"line":16,"column":6},"end":{"line":16,"column":80}},"9":{"start":{"line":18,"column":4},"end":{"line":18,"column":19}},"10":{"start":{"line":20,"column":4},"end":{"line":20,"column":69}},"11":{"start":{"line":25,"column":0},"end":{"line":56,"column":3}},"12":{"start":{"line":26,"column":89},"end":{"line":26,"column":97}},"13":{"start":{"line":28,"column":2},"end":{"line":30,"column":3}},"14":{"start":{"line":29,"column":4},"end":{"line":29,"column":80}},"15":{"start":{"line":33,"column":2},"end":{"line":35,"column":3}},"16":{"start":{"line":34,"column":4},"end":{"line":34,"column":81}},"17":{"start":{"line":37,"column":2},"end":{"line":55,"column":3}},"18":{"start":{"line":38,"column":21},"end":{"line":44,"column":5}},"19":{"start":{"line":46,"column":4},"end":{"line":49,"column":6}},"20":{"start":{"line":51,"column":4},"end":{"line":51,"column":79}},"21":{"start":{"line":53,"column":4},"end":{"line":53,"column":23}},"22":{"start":{"line":54,"column":4},"end":{"line":54,"column":66}},"23":{"start":{"line":59,"column":0},"end":{"line":85,"column":3}},"24":{"start":{"line":60,"column":21},"end":{"line":60,"column":29}},"25":{"start":{"line":62,"column":2},"end":{"line":64,"column":3}},"26":{"start":{"line":63,"column":4},"end":{"line":63,"column":85}},"27":{"start":{"line":66,"column":2},"end":{"line":84,"column":3}},"28":{"start":{"line":67,"column":21},"end":{"line":70,"column":5}},"29":{"start":{"line":72,"column":4},"end":{"line":74,"column":5}},"30":{"start":{"line":73,"column":6},"end":{"line":73,"column":74}},"31":{"start":{"line":76,"column":4},"end":{"line":79,"column":6}},"32":{"start":{"line":81,"column":4},"end":{"line":81,"column":49}},"33":{"start":{"line":83,"column":4},"end":{"line":83,"column":68}},"34":{"start":{"line":87,"column":0},"end":{"line":87,"column":24}}},"fnMap":{"0":{"name":"(anonymous_0)","decl":{"start":{"line":7,"column":32},"end":{"line":7,"column":33}},"loc":{"start":{"line":7,"column":52},"end":{"line":22,"column":1}},"line":7},"1":{"name":"(anonymous_1)","decl":{"start":{"line":25,"column":61},"end":{"line":25,"column":62}},"loc":{"start":{"line":25,"column":81},"end":{"line":56,"column":1}},"line":25},"2":{"name":"(anonymous_2)","decl":{"start":{"line":59,"column":60},"end":{"line":59,"column":61}},"loc":{"start":{"line":59,"column":80},"end":{"line":85,"column":1}},"line":59}},"branchMap":{"0":{"loc":{"start":{"line":10,"column":4},"end":{"line":17,"column":5}},"type":"if","locations":[{"start":{"line":10,"column":4},"end":{"line":17,"column":5}},{"start":{"line":15,"column":11},"end":{"line":17,"column":5}}],"line":10},"1":{"loc":{"start":{"line":28,"column":2},"end":{"line":30,"column":3}},"type":"if","locations":[{"start":{"line":28,"column":2},"end":{"line":30,"column":3}},{"start":{},"end":{}}],"line":28},"2":{"loc":{"start":{"line":28,"column":6},"end":{"line":28,"column":29}},"type":"binary-expr","locations":[{"start":{"line":28,"column":6},"end":{"line":28,"column":13}},{"start":{"line":28,"column":17},"end":{"line":28,"column":29}}],"line":28},"3":{"loc":{"start":{"line":33,"column":2},"end":{"line":35,"column":3}},"type":"if","locations":[{"start":{"line":33,"column":2},"end":{"line":35,"column":3}},{"start":{},"end":{}}],"line":33},"4":{"loc":{"start":{"line":33,"column":6},"end":{"line":33,"column":57}},"type":"binary-expr","locations":[{"start":{"line":33,"column":6},"end":{"line":33,"column":13}},{"start":{"line":33,"column":17},"end":{"line":33,"column":57}}],"line":33},"5":{"loc":{"start":{"line":42,"column":28},"end":{"line":42,"column":43}},"type":"binary-expr","locations":[{"start":{"line":42,"column":28},"end":{"line":42,"column":35}},{"start":{"line":42,"column":39},"end":{"line":42,"column":43}}],"line":42},"6":{"loc":{"start":{"line":42,"column":45},"end":{"line":42,"column":67}},"type":"binary-expr","locations":[{"start":{"line":42,"column":45},"end":{"line":42,"column":59}},{"start":{"line":42,"column":63},"end":{"line":42,"column":67}}],"line":42},"7":{"loc":{"start":{"line":42,"column":69},"end":{"line":42,"column":89}},"type":"binary-expr","locations":[{"start":{"line":42,"column":69},"end":{"line":42,"column":81}},{"start":{"line":42,"column":85},"end":{"line":42,"column":89}}],"line":42},"8":{"loc":{"start":{"line":43,"column":7},"end":{"line":43,"column":23}},"type":"binary-expr","locations":[{"start":{"line":43,"column":7},"end":{"line":43,"column":15}},{"start":{"line":43,"column":19},"end":{"line":43,"column":23}}],"line":43},"9":{"loc":{"start":{"line":43,"column":25},"end":{"line":43,"column":37}},"type":"binary-expr","locations":[{"start":{"line":43,"column":25},"end":{"line":43,"column":29}},{"start":{"line":43,"column":33},"end":{"line":43,"column":37}}],"line":43},"10":{"loc":{"start":{"line":48,"column":55},"end":{"line":48,"column":87}},"type":"cond-expr","locations":[{"start":{"line":48,"column":66},"end":{"line":48,"column":82}},{"start":{"line":48,"column":85},"end":{"line":48,"column":87}}],"line":48},"11":{"loc":{"start":{"line":62,"column":2},"end":{"line":64,"column":3}},"type":"if","locations":[{"start":{"line":62,"column":2},"end":{"line":64,"column":3}},{"start":{},"end":{}}],"line":62},"12":{"loc":{"start":{"line":72,"column":4},"end":{"line":74,"column":5}},"type":"if","locations":[{"start":{"line":72,"column":4},"end":{"line":74,"column":5}},{"start":{},"end":{}}],"line":72}},"s":{"0":4,"1":4,"2":4,"3":4,"4":4,"5":4,"6":4,"7":1,"8":3,"9":4,"10":0,"11":4,"12":9,"13":9,"14":2,"15":7,"16":0,"17":7,"18":7,"19":7,"20":7,"21":0,"22":0,"23":4,"24":5,"25":5,"26":1,"27":4,"28":4,"29":4,"30":1,"31":3,"32":3,"33":0,"34":4},"f":{"0":4,"1":9,"2":5},"b":{"0":[1,3],"1":[2,7],"2":[9,8],"3":[0,7],"4":[7,1],"5":[7,6],"6":[7,5],"7":[7,5],"8":[7,6],"9":[7,6],"10":[1,6],"11":[1,4],"12":[1,3]},"_coverageSchema":"1a1c01bbd47fc00a2c39e90264f33305004495a9","hash":"439e3c4fde28f85d29346b2917b8d55d9279c3ed"}
,"C:\\Users\\cerim\\OneDrive\\Desktop\\elite-track-qa\\elite-track-qa\\backend\\routes\\notificaciones.js": {"path":"C:\\Users\\cerim\\OneDrive\\Desktop\\elite-track-qa\\elite-track-qa\\backend\\routes\\notificaciones.js","statementMap":{"0":{"start":{"line":1,"column":16},"end":{"line":1,"column":34}},"1":{"start":{"line":2,"column":15},"end":{"line":2,"column":31}},"2":{"start":{"line":3,"column":13},"end":{"line":3,"column":29}},"3":{"start":{"line":4,"column":27},"end":{"line":4,"column":56}},"4":{"start":{"line":7,"column":0},"end":{"line":18,"column":3}},"5":{"start":{"line":8,"column":2},"end":{"line":17,"column":3}},"6":{"start":{"line":9,"column":19},"end":{"line":13,"column":6}},"7":{"start":{"line":14,"column":4},"end":{"line":14,"column":19}},"8":{"start":{"line":16,"column":4},"end":{"line":16,"column":73}},"9":{"start":{"line":21,"column":0},"end":{"line":32,"column":3}},"10":{"start":{"line":22,"column":2},"end":{"line":31,"column":3}},"11":{"start":{"line":23,"column":19},"end":{"line":27,"column":27}},"12":{"start":{"line":28,"column":4},"end":{"line":28,"column":19}},"13":{"start":{"line":30,"column":4},"end":{"line":30,"column":73}},"14":{"start":{"line":35,"column":0},"end":{"line":57,"column":3}},"15":{"start":{"line":36,"column":39},"end":{"line":36,"column":47}},"16":{"start":{"line":38,"column":2},"end":{"line":40,"column":3}},"17":{"start":{"line":39,"column":4},"end":{"line":39,"column":66}},"18":{"start":{"line":42,"column":2},"end":{"line":56,"column":3}},"19":{"start":{"line":43,"column":21},"end":{"line":46,"column":5}},"20":{"start":{"line":48,"column":4},"end":{"line":51,"column":6}},"21":{"start":{"line":53,"column":4},"end":{"line":53,"column":83}},"22":{"start":{"line":55,"column":4},"end":{"line":55,"column":70}},"23":{"start":{"line":59,"column":0},"end":{"line":59,"column":24}}},"fnMap":{"0":{"name":"(anonymous_0)","decl":{"start":{"line":7,"column":46},"end":{"line":7,"column":47}},"loc":{"start":{"line":7,"column":66},"end":{"line":18,"column":1}},"line":7},"1":{"name":"(anonymous_1)","decl":{"start":{"line":21,"column":32},"end":{"line":21,"column":33}},"loc":{"start":{"line":21,"column":52},"end":{"line":32,"column":1}},"line":21},"2":{"name":"(anonymous_2)","decl":{"start":{"line":35,"column":33},"end":{"line":35,"column":34}},"loc":{"start":{"line":35,"column":53},"end":{"line":57,"column":1}},"line":35}},"branchMap":{"0":{"loc":{"start":{"line":38,"column":2},"end":{"line":40,"column":3}},"type":"if","locations":[{"start":{"line":38,"column":2},"end":{"line":40,"column":3}},{"start":{},"end":{}}],"line":38},"1":{"loc":{"start":{"line":45,"column":16},"end":{"line":45,"column":42}},"type":"binary-expr","locations":[{"start":{"line":45,"column":16},"end":{"line":45,"column":31}},{"start":{"line":45,"column":35},"end":{"line":45,"column":42}}],"line":45}},"s":{"0":4,"1":4,"2":4,"3":4,"4":4,"5":2,"6":2,"7":2,"8":0,"9":4,"10":2,"11":2,"12":2,"13":0,"14":4,"15":4,"16":4,"17":1,"18":3,"19":3,"20":3,"21":3,"22":0,"23":4},"f":{"0":2,"1":2,"2":4},"b":{"0":[1,3],"1":[3,1]},"_coverageSchema":"1a1c01bbd47fc00a2c39e90264f33305004495a9","hash":"0ecf453e0303f6d8269cfddd60b1b6295589041b"}
,"C:\\Users\\cerim\\OneDrive\\Desktop\\elite-track-qa\\elite-track-qa\\backend\\routes\\refresh.js": {"path":"C:\\Users\\cerim\\OneDrive\\Desktop\\elite-track-qa\\elite-track-qa\\backend\\routes\\refresh.js","statementMap":{"0":{"start":{"line":1,"column":16},"end":{"line":1,"column":34}},"1":{"start":{"line":2,"column":15},"end":{"line":2,"column":31}},"2":{"start":{"line":3,"column":12},"end":{"line":3,"column":35}},"3":{"start":{"line":4,"column":23},"end":{"line":4,"column":52}},"4":{"start":{"line":7,"column":0},"end":{"line":29,"column":3}},"5":{"start":{"line":8,"column":21},"end":{"line":8,"column":49}},"6":{"start":{"line":9,"column":2},"end":{"line":9,"column":79}},"7":{"start":{"line":9,"column":19},"end":{"line":9,"column":79}},"8":{"start":{"line":11,"column":16},"end":{"line":11,"column":40}},"9":{"start":{"line":12,"column":2},"end":{"line":12,"column":73}},"10":{"start":{"line":12,"column":14},"end":{"line":12,"column":73}},"11":{"start":{"line":14,"column":2},"end":{"line":28,"column":3}},"12":{"start":{"line":16,"column":20},"end":{"line":16,"column":49}},"13":{"start":{"line":19,"column":21},"end":{"line":23,"column":5}},"14":{"start":{"line":25,"column":4},"end":{"line":25,"column":34}},"15":{"start":{"line":27,"column":4},"end":{"line":27,"column":74}},"16":{"start":{"line":31,"column":0},"end":{"line":31,"column":24}}},"fnMap":{"0":{"name":"(anonymous_0)","decl":{"start":{"line":7,"column":24},"end":{"line":7,"column":25}},"loc":{"start":{"line":7,"column":38},"end":{"line":29,"column":1}},"line":7}},"branchMap":{"0":{"loc":{"start":{"line":9,"column":2},"end":{"line":9,"column":79}},"type":"if","locations":[{"start":{"line":9,"column":2},"end":{"line":9,"column":79}},{"start":{},"end":{}}],"line":9},"1":{"loc":{"start":{"line":12,"column":2},"end":{"line":12,"column":73}},"type":"if","locations":[{"start":{"line":12,"column":2},"end":{"line":12,"column":73}},{"start":{},"end":{}}],"line":12}},"s":{"0":4,"1":4,"2":4,"3":4,"4":4,"5":3,"6":3,"7":1,"8":2,"9":2,"10":0,"11":2,"12":2,"13":1,"14":1,"15":1,"16":4},"f":{"0":3},"b":{"0":[1,2],"1":[0,2]},"_coverageSchema":"1a1c01bbd47fc00a2c39e90264f33305004495a9","hash":"64c638c985e50bdc5268e00e5eb11bfd6fa1151b"}
}
