TN:
SF:middleware\auth.js
FN:10,verificarToken
FN:26,soloRol
FN:27,(anonymous_2)
FNF:3
FNH:3
FNDA:49,verificarToken
FNDA:12,soloRol
FNDA:27,(anonymous_2)
DA:1,4
DA:2,4
DA:4,4
DA:6,4
DA:7,0
DA:11,49
DA:12,49
DA:14,41
DA:15,41
DA:17,40
DA:18,40
DA:19,39
DA:20,39
DA:22,1
DA:27,12
DA:28,27
DA:29,6
DA:31,21
DA:35,4
LF:19
LH:18
BRDA:4,0,0,4
BRDA:4,0,1,4
BRDA:6,1,0,0
BRDA:6,1,1,4
BRDA:6,2,0,4
BRDA:6,2,1,0
BRDA:12,3,0,8
BRDA:12,3,1,41
BRDA:15,4,0,1
BRDA:15,4,1,40
BRDA:28,5,0,6
BRDA:28,5,1,21
BRF:12
BRH:10
end_of_record
TN:
SF:routes\auditoria.js
FN:7,(anonymous_0)
FNF:1
FNH:1
FNDA:7,(anonymous_0)
DA:1,4
DA:2,4
DA:3,4
DA:4,4
DA:7,4
DA:8,7
DA:9,7
DA:12,7
DA:14,0
DA:18,4
LF:10
LH:9
BRF:0
BRH:0
end_of_record
TN:
SF:routes\auth.js
FN:12,(anonymous_0)
FNF:1
FNH:1
FNDA:26,(anonymous_0)
DA:1,4
DA:2,4
DA:3,4
DA:4,4
DA:5,4
DA:6,4
DA:8,4
DA:9,4
DA:12,4
DA:13,26
DA:15,26
DA:16,1
DA:19,25
DA:20,25
DA:22,25
DA:23,1
DA:26,24
DA:29,24
DA:30,1
DA:34,23
DA:35,23
DA:36,23
DA:38,0
DA:41,23
DA:42,6
DA:44,6
DA:46,1
DA:47,1
DA:51,1
DA:54,5
DA:58,5
DA:62,17
DA:67,17
DA:73,17
DA:78,17
DA:80,0
DA:81,0
DA:85,4
LF:38
LH:35
BRDA:15,0,0,1
BRDA:15,0,1,25
BRDA:15,1,0,26
BRDA:15,1,1,25
BRDA:22,2,0,1
BRDA:22,2,1,24
BRDA:29,3,0,1
BRDA:29,3,1,23
BRDA:29,4,0,24
BRDA:29,4,1,1
BRDA:35,5,0,23
BRDA:35,5,1,0
BRDA:41,6,0,6
BRDA:41,6,1,17
BRDA:42,7,0,6
BRDA:42,7,1,2
BRDA:44,8,0,1
BRDA:44,8,1,5
BRF:18
BRH:17
end_of_record
TN:
SF:routes\evidencias.js
FN:7,(anonymous_0)
FN:25,(anonymous_1)
FN:59,(anonymous_2)
FNF:3
FNH:3
FNDA:4,(anonymous_0)
FNDA:9,(anonymous_1)
FNDA:5,(anonymous_2)
DA:1,4
DA:2,4
DA:3,4
DA:4,4
DA:7,4
DA:8,4
DA:10,4
DA:11,1
DA:16,3
DA:18,4
DA:20,0
DA:25,4
DA:26,9
DA:28,9
DA:29,2
DA:33,7
DA:34,0
DA:37,7
DA:38,7
DA:46,7
DA:51,7
DA:53,0
DA:54,0
DA:59,4
DA:60,5
DA:62,5
DA:63,1
DA:66,4
DA:67,4
DA:72,4
DA:73,1
DA:76,3
DA:81,3
DA:83,0
DA:87,4
LF:35
LH:30
BRDA:10,0,0,1
BRDA:10,0,1,3
BRDA:28,1,0,2
BRDA:28,1,1,7
BRDA:28,2,0,9
BRDA:28,2,1,8
BRDA:33,3,0,0
BRDA:33,3,1,7
BRDA:33,4,0,7
BRDA:33,4,1,1
BRDA:42,5,0,7
BRDA:42,5,1,6
BRDA:42,6,0,7
BRDA:42,6,1,5
BRDA:42,7,0,7
BRDA:42,7,1,5
BRDA:43,8,0,7
BRDA:43,8,1,6
BRDA:43,9,0,7
BRDA:43,9,1,6
BRDA:48,10,0,1
BRDA:48,10,1,6
BRDA:62,11,0,1
BRDA:62,11,1,4
BRDA:72,12,0,1
BRDA:72,12,1,3
BRF:26
BRH:25
end_of_record
TN:
SF:routes\notificaciones.js
FN:7,(anonymous_0)
FN:21,(anonymous_1)
FN:35,(anonymous_2)
FNF:3
FNH:3
FNDA:2,(anonymous_0)
FNDA:2,(anonymous_1)
FNDA:4,(anonymous_2)
DA:1,4
DA:2,4
DA:3,4
DA:4,4
DA:7,4
DA:8,2
DA:9,2
DA:14,2
DA:16,0
DA:21,4
DA:22,2
DA:23,2
DA:28,2
DA:30,0
DA:35,4
DA:36,4
DA:38,4
DA:39,1
DA:42,3
DA:43,3
DA:48,3
DA:53,3
DA:55,0
DA:59,4
LF:24
LH:21
BRDA:38,0,0,1
BRDA:38,0,1,3
BRDA:45,1,0,3
BRDA:45,1,1,1
BRF:4
BRH:4
end_of_record
TN:
SF:routes\refresh.js
FN:7,(anonymous_0)
FNF:1
FNH:1
FNDA:3,(anonymous_0)
DA:1,4
DA:2,4
DA:3,4
DA:4,4
DA:7,4
DA:8,3
DA:9,3
DA:11,2
DA:12,2
DA:14,2
DA:16,2
DA:19,1
DA:25,1
DA:27,1
DA:31,4
LF:15
LH:15
BRDA:9,0,0,1
BRDA:9,0,1,2
BRDA:12,1,0,0
BRDA:12,1,1,2
BRF:4
BRH:3
end_of_record
