TN:
SF:middleware\auth.js
FN:5,verificarToken
FN:21,soloRol
FN:22,(anonymous_2)
FNF:3
FNH:3
FNDA:31,verificarToken
FNDA:12,soloRol
FNDA:18,(anonymous_2)
DA:1,4
DA:3,4
DA:6,31
DA:7,31
DA:9,26
DA:10,26
DA:12,26
DA:13,26
DA:14,25
DA:15,25
DA:17,1
DA:22,12
DA:23,18
DA:24,5
DA:26,13
DA:30,4
LF:16
LH:16
BRDA:7,0,0,5
BRDA:7,0,1,26
BRDA:10,1,0,0
BRDA:10,1,1,26
BRDA:23,2,0,5
BRDA:23,2,1,13
BRF:6
BRH:5
end_of_record
TN:
SF:routes\auditoria.js
FN:7,(anonymous_0)
FNF:1
FNH:1
FNDA:5,(anonymous_0)
DA:1,4
DA:2,4
DA:3,4
DA:4,4
DA:7,4
DA:8,5
DA:9,5
DA:12,5
DA:14,0
DA:18,4
LF:10
LH:9
BRF:0
BRH:0
end_of_record
TN:
SF:routes\auth.js
FN:9,(anonymous_0)
FNF:1
FNH:1
FNDA:17,(anonymous_0)
DA:1,4
DA:2,4
DA:3,4
DA:4,4
DA:5,4
DA:6,4
DA:9,4
DA:10,17
DA:12,17
DA:13,1
DA:16,16
DA:17,16
DA:19,16
DA:20,1
DA:23,15
DA:26,15
DA:27,15
DA:28,15
DA:30,0
DA:33,15
DA:34,1
DA:37,14
DA:44,14
DA:49,14
DA:51,0
DA:52,0
DA:56,4
LF:27
LH:24
BRDA:12,0,0,1
BRDA:12,0,1,16
BRDA:12,1,0,17
BRDA:12,1,1,16
BRDA:19,2,0,1
BRDA:19,2,1,15
BRDA:27,3,0,15
BRDA:27,3,1,0
BRDA:33,4,0,1
BRDA:33,4,1,14
BRF:10
BRH:9
end_of_record
TN:
SF:routes\evidencias.js
FN:7,(anonymous_0)
FN:17,(anonymous_1)
FN:47,(anonymous_2)
FNF:3
FNH:3
FNDA:1,(anonymous_0)
FNDA:4,(anonymous_1)
FNDA:4,(anonymous_2)
DA:1,4
DA:2,4
DA:3,4
DA:4,4
DA:7,4
DA:8,1
DA:9,1
DA:10,1
DA:12,0
DA:17,4
DA:18,4
DA:20,4
DA:21,1
DA:25,3
DA:26,0
DA:29,3
DA:30,3
DA:35,3
DA:40,3
DA:42,0
DA:47,4
DA:48,4
DA:50,4
DA:51,1
DA:54,3
DA:55,3
DA:60,3
DA:61,1
DA:64,2
DA:69,2
DA:71,0
DA:75,4
LF:32
LH:28
BRDA:20,0,0,1
BRDA:20,0,1,3
BRDA:20,1,0,4
BRDA:20,1,1,3
BRDA:25,2,0,0
BRDA:25,2,1,3
BRDA:25,3,0,3
BRDA:25,3,1,1
BRDA:32,4,0,3
BRDA:32,4,1,2
BRDA:50,5,0,1
BRDA:50,5,1,3
BRDA:60,6,0,1
BRDA:60,6,1,2
BRF:14
BRH:13
end_of_record
TN:
SF:routes\notificaciones.js
FN:7,(anonymous_0)
FN:21,(anonymous_1)
FN:35,(anonymous_2)
FNF:3
FNH:3
FNDA:1,(anonymous_0)
FNDA:2,(anonymous_1)
FNDA:3,(anonymous_2)
DA:1,4
DA:2,4
DA:3,4
DA:4,4
DA:7,4
DA:8,1
DA:9,1
DA:14,1
DA:16,0
DA:21,4
DA:22,2
DA:23,2
DA:28,2
DA:30,0
DA:35,4
DA:36,3
DA:38,3
DA:39,1
DA:42,2
DA:43,2
DA:48,2
DA:53,2
DA:55,0
DA:59,4
LF:24
LH:21
BRDA:38,0,0,1
BRDA:38,0,1,2
BRDA:45,1,0,2
BRDA:45,1,1,0
BRF:4
BRH:3
end_of_record
